2015/09/15 16:50:55 [error] [exception.CHttpException.404] exception 'CHttpException' with message 'La vista solicitada "aboutasndmamsndmsa" no fue encontrada.' in C:\xampp\htdocs\yii\framework\web\actions\CViewAction.php:112
Stack trace:
#0 C:\xampp\htdocs\yii\framework\web\actions\CViewAction.php(123): CViewAction->resolveView('aboutasndmamsnd...')
#1 C:\xampp\htdocs\yii\framework\web\actions\CAction.php(76): CViewAction->run()
#2 C:\xampp\htdocs\yii\framework\web\CController.php(308): CAction->runWithParams(Array)
#3 C:\xampp\htdocs\yii\framework\web\CController.php(286): CController->runAction(Object(CViewAction))
#4 C:\xampp\htdocs\yii\framework\web\CController.php(265): CController->runActionWithFilters(Object(CViewAction), Array)
#5 C:\xampp\htdocs\yii\framework\web\CWebApplication.php(282): CController->run('page')
#6 C:\xampp\htdocs\yii\framework\web\CWebApplication.php(141): CWebApplication->runController('site/page')
#7 C:\xampp\htdocs\yii\framework\base\CApplication.php(180): CWebApplication->processRequest()
#8 C:\xampp\htdocs\CasiIngenieros\index.php(13): CApplication->run()
#9 {main}
REQUEST_URI=/CasiIngenieros/index.php?r=site/page&view=aboutasndmamsndmsa
---
2015/09/15 16:51:20 [error] [exception.CHttpException.404] exception 'CHttpException' with message 'La vista solicitada "aboutasndmamsndmsa" no fue encontrada.' in C:\xampp\htdocs\yii\framework\web\actions\CViewAction.php:112
Stack trace:
#0 C:\xampp\htdocs\yii\framework\web\actions\CViewAction.php(123): CViewAction->resolveView('aboutasndmamsnd...')
#1 C:\xampp\htdocs\yii\framework\web\actions\CAction.php(76): CViewAction->run()
#2 C:\xampp\htdocs\yii\framework\web\CController.php(308): CAction->runWithParams(Array)
#3 C:\xampp\htdocs\yii\framework\web\CController.php(286): CController->runAction(Object(CViewAction))
#4 C:\xampp\htdocs\yii\framework\web\CController.php(265): CController->runActionWithFilters(Object(CViewAction), Array)
#5 C:\xampp\htdocs\yii\framework\web\CWebApplication.php(282): CController->run('page')
#6 C:\xampp\htdocs\yii\framework\web\CWebApplication.php(141): CWebApplication->runController('site/page')
#7 C:\xampp\htdocs\yii\framework\base\CApplication.php(180): CWebApplication->processRequest()
#8 C:\xampp\htdocs\CasiIngenieros\index.php(13): CApplication->run()
#9 {main}
REQUEST_URI=/CasiIngenieros/index.php?r=site/page&view=aboutasndmamsndmsa
---
